<?xml version="1.0" encoding="UTF-8"?>
<testng-results ignored="0" total="1" passed="1" failed="0" skipped="0">
  <reporter-output>
    <line>
      <![CDATA[Launching browser ]]>
    </line>
    <line>
      <![CDATA[Opening browser]]>
    </line>
    <line>
      <![CDATA[Launching Property Management Page ]]>
    </line>
    <line>
      <![CDATA[Launching Marketing and Leasing Page ]]>
    </line>
    <line>
      <![CDATA[Launching Accounting Page ]]>
    </line>
    <line>
      <![CDATA[Launching Utilities Page ]]>
    </line>
    <line>
      <![CDATA[TC is passed ]]>
    </line>
    <line>
      <![CDATA[Taking screenshot]]>
    </line>
    <line>
      <![CDATA[Saved screenshot at D:\Workspace_Eclipse\Use_of_Selenium_JavaEN_TC555_.png]]>
    </line>
    <line>
      <![CDATA[Closing browser ]]>
    </line>
  </reporter-output>
  <suite started-at="2024-02-07T18:45:44 IST" name="Default suite" finished-at="2024-02-07T18:46:38 IST" duration-ms="53594">
    <groups>
    </groups>
    <test started-at="2024-02-07T18:45:44 IST" name="Default test" finished-at="2024-02-07T18:46:38 IST" duration-ms="53594">
      <class name="entrata_Test.Functionalities_Validation">
        <test-method is-config="true" signature="launchBrowser()[pri:0, instance:entrata_Test.Functionalities_Validation@35e2d654]" started-at="2024-02-07T18:45:44 IST" name="launchBrowser" finished-at="2024-02-07T18:45:59 IST" duration-ms="14868" status="PASS">
          <reporter-output>
            <line>
              <![CDATA[Launching browser ]]>
            </line>
            <line>
              <![CDATA[Opening browser]]>
            </line>
          </reporter-output>
        </test-method> <!-- launchBrowser -->
        <test-method signature="Functionalities()[pri:0, instance:entrata_Test.Functionalities_Validation@35e2d654]" started-at="2024-02-07T18:45:59 IST" name="Functionalities" finished-at="2024-02-07T18:46:36 IST" duration-ms="37260" status="PASS">
          <reporter-output>
            <line>
              <![CDATA[Launching Property Management Page ]]>
            </line>
            <line>
              <![CDATA[Launching Marketing and Leasing Page ]]>
            </line>
            <line>
              <![CDATA[Launching Accounting Page ]]>
            </line>
            <line>
              <![CDATA[Launching Utilities Page ]]>
            </line>
            <line>
              <![CDATA[TC is passed ]]>
            </line>
            <line>
              <![CDATA[Taking screenshot]]>
            </line>
            <line>
              <![CDATA[Saved screenshot at D:\Workspace_Eclipse\Use_of_Selenium_JavaEN_TC555_.png]]>
            </line>
          </reporter-output>
        </test-method> <!-- Functionalities -->
        <test-method is-config="true" signature="closeBrowser()[pri:0, instance:entrata_Test.Functionalities_Validation@35e2d654]" started-at="2024-02-07T18:46:36 IST" name="closeBrowser" finished-at="2024-02-07T18:46:38 IST" duration-ms="1384" status="PASS">
          <reporter-output>
            <line>
              <![CDATA[Closing browser ]]>
            </line>
          </reporter-output>
        </test-method> <!-- closeBrowser -->
      </class> <!-- entrata_Test.Functionalities_Validation -->
    </test> <!-- Default test -->
  </suite> <!-- Default suite -->
</testng-results>
